# JRE version: OpenJDK Runtime Environment (21.0.8) (build 21.0.8+-14196175-b1038.72)
# Java VM: OpenJDK 64-Bit Server VM (21.0.8+-14196175-b1038.72, mixed mode, tiered, compressed oops, compressed class ptrs, g1 gc, windows-amd64)
GC Precious Log:
 CardTable entry size: 512
 Card Set container configuration: InlinePtr #cards 5 size 8 Array Of Cards #cards 12 size 40 Howl #buckets 4 coarsen threshold 1843 Howl Bitmap #cards 512 size 80 coarsen threshold 460 Card regions per heap region 1 cards per card region 2048
 CPUs: 12 total, 12 available
 Memory: 15741M
 Large Page Support: Disabled
 NUMA Support: Disabled
 Compressed Oops: Enabled (32-bit)
 Heap Region Size: 1M
 Heap Min Capacity: 8M
 Heap Initial Capacity: 246M
 Heap Max Capacity: 2G
 Pre-touch: Disabled
 Parallel Workers: 10
 Concurrent Workers: 3
 Concurrent Refinement Workers: 10
 Periodic GC: Disabled
Heap:
 garbage-first heap   total 191488K, used 132032K [0x0000000080000000, 0x0000000100000000)
  region size 1024K, 9 young (9216K), 7 survivors (7168K)
 Metaspace       used 121351K, committed 123648K, reserved 1179648K
  class space    used 17185K, committed 18304K, reserved 1048576K
GC Heap History (20 events):
Event: 12.123 GC heap before
{Heap before GC invocations=29 (full 0):
 garbage-first heap   total 179200K, used 123287K [0x0000000080000000, 0x0000000100000000)
  region size 1024K, 63 young (64512K), 12 survivors (12288K)
 Metaspace       used 80788K, committed 82688K, reserved 1179648K
  class space    used 11430K, committed 12352K, reserved 1048576K
}
Event: 12.131 GC heap after
{Heap after GC invocations=30 (full 0):
 garbage-first heap   total 179200K, used 77381K [0x0000000080000000, 0x0000000100000000)
  region size 1024K, 10 young (10240K), 10 survivors (10240K)
 Metaspace       used 80788K, committed 82688K, reserved 1179648K
  class space    used 11430K, committed 12352K, reserved 1048576K
}
Event: 13.367 GC heap before
{Heap before GC invocations=31 (full 0):
 garbage-first heap   total 179200K, used 165445K [0x0000000080000000, 0x0000000100000000)
  region size 1024K, 88 young (90112K), 10 survivors (10240K)
 Metaspace       used 87538K, committed 89472K, reserved 1179648K
  class space    used 12289K, committed 13248K, reserved 1048576K
}
Event: 13.373 GC heap after
{Heap after GC invocations=32 (full 0):
 garbage-first heap   total 184320K, used 92941K [0x0000000080000000, 0x0000000100000000)
  region size 1024K, 11 young (11264K), 11 survivors (11264K)
 Metaspace       used 87538K, committed 89472K, reserved 1179648K
  class space    used 12289K, committed 13248K, reserved 1048576K
}
Event: 14.340 GC heap before
{Heap before GC invocations=32 (full 0):
 garbage-first heap   total 184320K, used 169741K [0x0000000080000000, 0x0000000100000000)
  region size 1024K, 80 young (81920K), 11 survivors (11264K)
 Metaspace       used 94651K, committed 96704K, reserved 1179648K
  class space    used 13261K, committed 14272K, reserved 1048576K
}
Event: 14.346 GC heap after
{Heap after GC invocations=33 (full 0):
 garbage-first heap   total 191488K, used 104533K [0x0000000080000000, 0x0000000100000000)
  region size 1024K, 7 young (7168K), 7 survivors (7168K)
 Metaspace       used 94651K, committed 96704K, reserved 1179648K
  class space    used 13261K, committed 14272K, reserved 1048576K
}
Event: 14.370 GC heap before
{Heap before GC invocations=33 (full 0):
 garbage-first heap   total 191488K, used 109653K [0x0000000080000000, 0x0000000100000000)
  region size 1024K, 13 young (13312K), 7 survivors (7168K)
 Metaspace       used 94656K, committed 96704K, reserved 1179648K
  class space    used 13261K, committed 14272K, reserved 1048576K
}
Event: 14.374 GC heap after
{Heap after GC invocations=34 (full 0):
 garbage-first heap   total 191488K, used 101993K [0x0000000080000000, 0x0000000100000000)
  region size 1024K, 2 young (2048K), 2 survivors (2048K)
 Metaspace       used 94656K, committed 96704K, reserved 1179648K
  class space    used 13261K, committed 14272K, reserved 1048576K
}
Event: 15.290 GC heap before
{Heap before GC invocations=35 (full 0):
 garbage-first heap   total 191488K, used 173673K [0x0000000080000000, 0x0000000100000000)
  region size 1024K, 72 young (73728K), 2 survivors (2048K)
 Metaspace       used 99778K, committed 101888K, reserved 1179648K
  class space    used 13937K, committed 14976K, reserved 1048576K
}
Event: 15.293 GC heap after
{Heap after GC invocations=36 (full 0):
 garbage-first heap   total 191488K, used 106741K [0x0000000080000000, 0x0000000100000000)
  region size 1024K, 5 young (5120K), 5 survivors (5120K)
 Metaspace       used 99778K, committed 101888K, reserved 1179648K
  class space    used 13937K, committed 14976K, reserved 1048576K
}
Event: 16.157 GC heap before
{Heap before GC invocations=36 (full 0):
 garbage-first heap   total 191488K, used 175349K [0x0000000080000000, 0x0000000100000000)
  region size 1024K, 72 young (73728K), 5 survivors (5120K)
 Metaspace       used 105238K, committed 107392K, reserved 1179648K
  class space    used 14804K, committed 15808K, reserved 1048576K
}
Event: 16.162 GC heap after
{Heap after GC invocations=37 (full 0):
 garbage-first heap   total 191488K, used 107468K [0x0000000080000000, 0x0000000100000000)
  region size 1024K, 8 young (8192K), 8 survivors (8192K)
 Metaspace       used 105238K, committed 107392K, reserved 1179648K
  class space    used 14804K, committed 15808K, reserved 1048576K
}
Event: 17.091 GC heap before
{Heap before GC invocations=37 (full 0):
 garbage-first heap   total 191488K, used 171980K [0x0000000080000000, 0x0000000100000000)
  region size 1024K, 71 young (72704K), 8 survivors (8192K)
 Metaspace       used 110637K, committed 112896K, reserved 1179648K
  class space    used 15679K, committed 16768K, reserved 1048576K
}
Event: 17.096 GC heap after
{Heap after GC invocations=38 (full 0):
 garbage-first heap   total 191488K, used 110328K [0x0000000080000000, 0x0000000100000000)
  region size 1024K, 6 young (6144K), 6 survivors (6144K)
 Metaspace       used 110637K, committed 112896K, reserved 1179648K
  class space    used 15679K, committed 16768K, reserved 1048576K
}
Event: 18.095 GC heap before
{Heap before GC invocations=39 (full 0):
 garbage-first heap   total 191488K, used 173816K [0x0000000080000000, 0x0000000100000000)
  region size 1024K, 68 young (69632K), 6 survivors (6144K)
 Metaspace       used 116067K, committed 118400K, reserved 1179648K
  class space    used 16517K, committed 17600K, reserved 1048576K
}
Event: 18.100 GC heap after
{Heap after GC invocations=40 (full 0):
 garbage-first heap   total 191488K, used 113757K [0x0000000080000000, 0x0000000100000000)
  region size 1024K, 7 young (7168K), 7 survivors (7168K)
 Metaspace       used 116067K, committed 118400K, reserved 1179648K
  class space    used 16517K, committed 17600K, reserved 1048576K
}
Event: 18.769 GC heap before
{Heap before GC invocations=40 (full 0):
 garbage-first heap   total 191488K, used 173149K [0x0000000080000000, 0x0000000100000000)
  region size 1024K, 65 young (66560K), 7 survivors (7168K)
 Metaspace       used 118576K, committed 120896K, reserved 1179648K
  class space    used 16849K, committed 17984K, reserved 1048576K
}
Event: 18.776 GC heap after
{Heap after GC invocations=41 (full 0):
 garbage-first heap   total 191488K, used 118489K [0x0000000080000000, 0x0000000100000000)
  region size 1024K, 9 young (9216K), 9 survivors (9216K)
 Metaspace       used 118576K, committed 120896K, reserved 1179648K
  class space    used 16849K, committed 17984K, reserved 1048576K
}
Event: 19.270 GC heap before
{Heap before GC invocations=41 (full 0):
 garbage-first heap   total 191488K, used 157401K [0x0000000080000000, 0x0000000100000000)
  region size 1024K, 49 young (50176K), 9 survivors (9216K)
 Metaspace       used 120279K, committed 122624K, reserved 1179648K
  class space    used 17148K, committed 18304K, reserved 1048576K
}
Event: 19.277 GC heap after
{Heap after GC invocations=42 (full 0):
 garbage-first heap   total 191488K, used 125888K [0x0000000080000000, 0x0000000100000000)
  region size 1024K, 7 young (7168K), 7 survivors (7168K)
 Metaspace       used 120279K, committed 122624K, reserved 1179648K
  class space    used 17148K, committed 18304K, reserved 1048576K
}

