# JRE version: OpenJDK Runtime Environment (21.0.8) (build 21.0.8+-14196175-b1038.72)
# Java VM: OpenJDK 64-Bit Server VM (21.0.8+-14196175-b1038.72, mixed mode, tiered, compressed oops, compressed class ptrs, g1 gc, windows-amd64)
GC Precious Log:
 CardTable entry size: 512
 Card Set container configuration: InlinePtr #cards 5 size 8 Array Of Cards #cards 12 size 40 Howl #buckets 4 coarsen threshold 1843 Howl Bitmap #cards 512 size 80 coarsen threshold 460 Card regions per heap region 1 cards per card region 2048
 CPUs: 12 total, 12 available
 Memory: 15741M
 Large Page Support: Disabled
 NUMA Support: Disabled
 Compressed Oops: Enabled (32-bit)
 Heap Region Size: 1M
 Heap Min Capacity: 8M
 Heap Initial Capacity: 246M
 Heap Max Capacity: 2G
 Pre-touch: Disabled
 Parallel Workers: 10
 Concurrent Workers: 3
 Concurrent Refinement Workers: 10
 Periodic GC: Disabled
Heap:
 garbage-first heap   total 269312K, used 241345K [0x0000000080000000, 0x0000000100000000)
  region size 1024K, 133 young (136192K), 4 survivors (4096K)
 Metaspace       used 118237K, committed 120704K, reserved 1179648K
  class space    used 16704K, committed 17920K, reserved 1048576K
GC Heap History (20 events):
Event: 15.277 GC heap before
{Heap before GC invocations=42 (full 0):
 garbage-first heap   total 186368K, used 170941K [0x0000000080000000, 0x0000000100000000)
  region size 1024K, 61 young (62464K), 3 survivors (3072K)
 Metaspace       used 114835K, committed 117184K, reserved 1179648K
  class space    used 16323K, committed 17472K, reserved 1048576K
}
Event: 15.280 GC heap after
{Heap after GC invocations=43 (full 0):
 garbage-first heap   total 224256K, used 111665K [0x0000000080000000, 0x0000000100000000)
  region size 1024K, 3 young (3072K), 3 survivors (3072K)
 Metaspace       used 114835K, committed 117184K, reserved 1179648K
  class space    used 16323K, committed 17472K, reserved 1048576K
}
Event: 15.787 GC heap before
{Heap before GC invocations=43 (full 0):
 garbage-first heap   total 224256K, used 208945K [0x0000000080000000, 0x0000000100000000)
  region size 1024K, 97 young (99328K), 3 survivors (3072K)
 Metaspace       used 116416K, committed 118784K, reserved 1179648K
  class space    used 16514K, committed 17664K, reserved 1048576K
}
Event: 15.791 GC heap after
{Heap after GC invocations=44 (full 0):
 garbage-first heap   total 224256K, used 109561K [0x0000000080000000, 0x0000000100000000)
  region size 1024K, 3 young (3072K), 3 survivors (3072K)
 Metaspace       used 116416K, committed 118784K, reserved 1179648K
  class space    used 16514K, committed 17664K, reserved 1048576K
}
Event: 15.918 GC heap before
{Heap before GC invocations=44 (full 0):
 garbage-first heap   total 224256K, used 206841K [0x0000000080000000, 0x0000000100000000)
  region size 1024K, 99 young (101376K), 3 survivors (3072K)
 Metaspace       used 116537K, committed 119040K, reserved 1179648K
  class space    used 16522K, committed 17728K, reserved 1048576K
}
Event: 15.921 GC heap after
{Heap after GC invocations=45 (full 0):
 garbage-first heap   total 224256K, used 109645K [0x0000000080000000, 0x0000000100000000)
  region size 1024K, 3 young (3072K), 3 survivors (3072K)
 Metaspace       used 116537K, committed 119040K, reserved 1179648K
  class space    used 16522K, committed 17728K, reserved 1048576K
}
Event: 16.117 GC heap before
{Heap before GC invocations=45 (full 0):
 garbage-first heap   total 224256K, used 206925K [0x0000000080000000, 0x0000000100000000)
  region size 1024K, 99 young (101376K), 3 survivors (3072K)
 Metaspace       used 116589K, committed 119040K, reserved 1179648K
  class space    used 16523K, committed 17728K, reserved 1048576K
}
Event: 16.121 GC heap after
{Heap after GC invocations=46 (full 0):
 garbage-first heap   total 224256K, used 109749K [0x0000000080000000, 0x0000000100000000)
  region size 1024K, 4 young (4096K), 4 survivors (4096K)
 Metaspace       used 116589K, committed 119040K, reserved 1179648K
  class space    used 16523K, committed 17728K, reserved 1048576K
}
Event: 16.575 GC heap before
{Heap before GC invocations=47 (full 0):
 garbage-first heap   total 224256K, used 204981K [0x0000000080000000, 0x0000000100000000)
  region size 1024K, 98 young (100352K), 4 survivors (4096K)
 Metaspace       used 117491K, committed 119872K, reserved 1179648K
  class space    used 16623K, committed 17792K, reserved 1048576K
}
Event: 16.580 GC heap after
{Heap after GC invocations=48 (full 0):
 garbage-first heap   total 224256K, used 114397K [0x0000000080000000, 0x0000000100000000)
  region size 1024K, 8 young (8192K), 8 survivors (8192K)
 Metaspace       used 117491K, committed 119872K, reserved 1179648K
  class space    used 16623K, committed 17792K, reserved 1048576K
}
Event: 16.666 GC heap before
{Heap before GC invocations=48 (full 0):
 garbage-first heap   total 224256K, used 201437K [0x0000000080000000, 0x0000000100000000)
  region size 1024K, 94 young (96256K), 8 survivors (8192K)
 Metaspace       used 117561K, committed 120000K, reserved 1179648K
  class space    used 16623K, committed 17792K, reserved 1048576K
}
Event: 16.670 GC heap after
{Heap after GC invocations=49 (full 0):
 garbage-first heap   total 224256K, used 111297K [0x0000000080000000, 0x0000000100000000)
  region size 1024K, 5 young (5120K), 5 survivors (5120K)
 Metaspace       used 117561K, committed 120000K, reserved 1179648K
  class space    used 16623K, committed 17792K, reserved 1048576K
}
Event: 16.714 GC heap before
{Heap before GC invocations=49 (full 0):
 garbage-first heap   total 224256K, used 132801K [0x0000000080000000, 0x0000000100000000)
  region size 1024K, 28 young (28672K), 5 survivors (5120K)
 Metaspace       used 117603K, committed 120000K, reserved 1179648K
  class space    used 16623K, committed 17792K, reserved 1048576K
}
Event: 16.718 GC heap after
{Heap after GC invocations=50 (full 0):
 garbage-first heap   total 224256K, used 110672K [0x0000000080000000, 0x0000000100000000)
  region size 1024K, 4 young (4096K), 4 survivors (4096K)
 Metaspace       used 117603K, committed 120000K, reserved 1179648K
  class space    used 16623K, committed 17792K, reserved 1048576K
}
Event: 17.119 GC heap before
{Heap before GC invocations=51 (full 0):
 garbage-first heap   total 224256K, used 208976K [0x0000000080000000, 0x0000000100000000)
  region size 1024K, 98 young (100352K), 4 survivors (4096K)
 Metaspace       used 117838K, committed 120256K, reserved 1179648K
  class space    used 16648K, committed 17856K, reserved 1048576K
}
Event: 17.122 GC heap after
{Heap after GC invocations=52 (full 0):
 garbage-first heap   total 224256K, used 113297K [0x0000000080000000, 0x0000000100000000)
  region size 1024K, 5 young (5120K), 5 survivors (5120K)
 Metaspace       used 117838K, committed 120256K, reserved 1179648K
  class space    used 16648K, committed 17856K, reserved 1048576K
}
Event: 17.333 GC heap before
{Heap before GC invocations=52 (full 0):
 garbage-first heap   total 224256K, used 205457K [0x0000000080000000, 0x0000000100000000)
  region size 1024K, 95 young (97280K), 5 survivors (5120K)
 Metaspace       used 117841K, committed 120256K, reserved 1179648K
  class space    used 16648K, committed 17856K, reserved 1048576K
}
Event: 17.337 GC heap after
{Heap after GC invocations=53 (full 0):
 garbage-first heap   total 224256K, used 113299K [0x0000000080000000, 0x0000000100000000)
  region size 1024K, 5 young (5120K), 5 survivors (5120K)
 Metaspace       used 117841K, committed 120256K, reserved 1179648K
  class space    used 16648K, committed 17856K, reserved 1048576K
}
Event: 17.582 GC heap before
{Heap before GC invocations=53 (full 0):
 garbage-first heap   total 224256K, used 205459K [0x0000000080000000, 0x0000000100000000)
  region size 1024K, 95 young (97280K), 5 survivors (5120K)
 Metaspace       used 117848K, committed 120320K, reserved 1179648K
  class space    used 16648K, committed 17856K, reserved 1048576K
}
Event: 17.585 GC heap after
{Heap after GC invocations=54 (full 0):
 garbage-first heap   total 269312K, used 110273K [0x0000000080000000, 0x0000000100000000)
  region size 1024K, 4 young (4096K), 4 survivors (4096K)
 Metaspace       used 117848K, committed 120320K, reserved 1179648K
  class space    used 16648K, committed 17856K, reserved 1048576K
}

